/*C1*/SET SCHEMA SYSTEM_LOBS
INSERT INTO BLOCKS VALUES(0,2147483647,0)
COMMIT
/*C2*/SET SCHEMA PUBLIC
DROP TABLE STOCK IF EXISTS
DROP TABLE WAREHOUSES IF EXISTS
DROP TABLE PRODUCTS IF EXISTS
DROP TABLE CUSTOMER IF EXISTS
CREATE TABLE PRODUCTS (articleCode varchar(13) PRIMARY KEY, name varchar(255), size INTEGER) 
CREATE TABLE WAREHOUSES (number INTEGER PRIMARY KEY, maxBin INTEGER, maxSize INTEGER) 
CREATE TABLE STOCK (number INTEGER, bin INTEGER, articleCode varchar(13), amount INTEGER, constraint PK_STOCK PRIMARY KEY (number, bin), constraint FK_PRODUCTS FOREIGN KEY (articleCode) REFERENCES PRODUCTS(articleCode), constraint FK_WAREHOUSE FOREIGN KEY (number) REFERENCES WAREHOUSES(number))
CREATE TABLE CUSTOMER (id INTEGER PRIMARY KEY , fname varchar(50), lname varchar (50), adress varchar (100), postcode varchar(10), country varchar (50), city varchar(60), countrycode INTEGER, phonenumber INTEGER, dateofbirth varchar(20), email varchar (30)) 
INSERT INTO PRODUCTS VALUES('8806085948587','Samsung BD-H5500 3D Blu-ray-Player',3)
INSERT INTO PRODUCTS VALUES('0885909560462','Apple TV MD199FD/A',2)
INSERT INTO PRODUCTS VALUES('0636926062442','TomTom Start 25 M Europe Traffic',2)
INSERT INTO PRODUCTS VALUES('8806084893826','LG 40UB800V 101 cm (40 Zoll) LED-Backlight-Fernseher',8)
INSERT INTO PRODUCTS VALUES('4250366833286','Gigaset C430 A Duo Dect-Schnurlostelefon mit Anrufbeantworter',2)
INSERT INTO PRODUCTS VALUES('0799637096608','Ipow schwarz Selfie Stange',1)
INSERT INTO WAREHOUSES VALUES(0,30,5)
INSERT INTO WAREHOUSES VALUES(1,30,10)
INSERT INTO STOCK VALUES(0,0,'8806085948587',1)
INSERT INTO STOCK VALUES(0,1,'8806085948587',1)
INSERT INTO STOCK VALUES(0,2,'8806085948587',1)
INSERT INTO STOCK VALUES(0,3,'0885909560462',2)
INSERT INTO STOCK VALUES(0,4,'0636926062442',2)
INSERT INTO STOCK VALUES(0,5,'4250366833286',2)
INSERT INTO STOCK VALUES(0,6,'0799637096608',4)
INSERT INTO STOCK VALUES(1,0,'8806084893826',1)
INSERT INTO STOCK VALUES(1,1,'8806084893826',1)
INSERT INTO STOCK VALUES(1,2,'0636926062442',5)
INSERT INTO CUSTOMER VALUES(1,'Satilmis','Portakal','Doggenriedstrasse 10','88250','Germany','Weingarten',49,7513886,'01-01-1993','s.portakal@hs-weingarten.de')
INSERT INTO CUSTOMER VALUES(2,'Pablo','Dosantos','Calle Muestra 20','28 Madrid','Spain','Madrid',34,915789,'02-03-1996','p.dosantos@gmail.com')
INSERT INTO CUSTOMER VALUES(3,'Hans','Mueller','Mozartstrasse 85','88339','Germany','Bad Waldsee',49,75247765,'12-01-1994','h.mueller@t-online.de')
COMMIT
DISCONNECT
